<?xml version="1.0" encoding="UTF-8" ?>
<testsuite errors="0" failures="0" hostname="Likitha-G" name="CustomerTest" skipped="0" tests="4" time="1.133" timestamp="2021-11-21T21:57:45">
  <properties>
[...]
</properties>
  <testcase classname="CustomerTest" name="testRestaurantName" time="0.493" />
  <testcase classname="CustomerTest" name="testManagerName" time="0.145" />
  <testcase classname="CustomerTest" name="testDeliveryName" time="0.148" />
  <testcase classname="CustomerTest" name="testCustomerName" time="0.132" />
  <system-out><![CDATA[bawarchi
balaji
tharoon
likitha
]]></system-out>
  <system-err><![CDATA[]]></system-err>
</testsuite>
